<?xml version="1.0" encoding="UTF-8"?>
<testng-results ignored="0" total="1" passed="1" failed="0" skipped="0">
  <reporter-output>
  </reporter-output>
  <suite started-at="2023-10-21T22:51:58 IST" name="Suite" finished-at="2023-10-21T22:52:10 IST" duration-ms="11935">
    <groups>
    </groups>
    <test started-at="2023-10-21T22:51:58 IST" name="Test" finished-at="2023-10-21T22:52:10 IST" duration-ms="11935">
      <class name="com.org.test.auto.LoginTest">
        <test-method is-config="true" signature="SetForTest()[pri:0, instance:com.org.test.auto.LoginTest@5ace1ed4]" started-at="2023-10-21T22:51:58 IST" name="SetForTest" finished-at="2023-10-21T22:52:07 IST" duration-ms="9251" status="PASS">
          <reporter-output>
          </reporter-output>
        </test-method> <!-- SetForTest -->
        <test-method signature="loginTest()[pri:0, instance:com.org.test.auto.LoginTest@5ace1ed4]" started-at="2023-10-21T22:52:07 IST" name="loginTest" finished-at="2023-10-21T22:52:10 IST" duration-ms="2253" status="PASS">
          <reporter-output>
          </reporter-output>
        </test-method> <!-- loginTest -->
        <test-method is-config="true" signature="RemoveForTest()[pri:0, instance:com.org.test.auto.LoginTest@5ace1ed4]" started-at="2023-10-21T22:52:10 IST" name="RemoveForTest" finished-at="2023-10-21T22:52:10 IST" duration-ms="357" status="PASS">
          <reporter-output>
          </reporter-output>
        </test-method> <!-- RemoveForTest -->
      </class> <!-- com.org.test.auto.LoginTest -->
    </test> <!-- Test -->
  </suite> <!-- Suite -->
</testng-results>
